<?xml version="1.0" encoding="UTF-8"?>
<!-- Generated by org.testng.reporters.JUnitReportReporter -->
<testsuite hostname="DESKTOP-DPP2BUV" failures="0" tests="2" name="com.training.sanity.tests.TC10DeleteCategory" time="6.978" errors="0" timestamp="26 Aug 2019 09:23:28 GMT" skipped="0">
  <testcase classname="com.training.sanity.tests.TC10DeleteCategory" name="addCategoriesTest" time="3.703"/>
  <testcase classname="com.training.sanity.tests.TC10DeleteCategory" name="validLoginTest" time="3.275"/>
</testsuite> <!-- com.training.sanity.tests.TC10DeleteCategory -->
