<?xml version="1.0" encoding="UTF-8"?>
<!-- Generated by org.testng.reporters.JUnitReportReporter -->
<testsuite hostname="DESKTOP-DPP2BUV" failures="0" tests="2" name="com.training.sanity.tests.TC14AddProduct_Invaliddetails_Errormsg" time="6.912" errors="0" timestamp="28 Aug 2019 06:22:47 GMT" skipped="0">
  <testcase classname="com.training.sanity.tests.TC14AddProduct_Invaliddetails_Errormsg" name="validLoginTest" time="2.371"/>
  <testcase classname="com.training.sanity.tests.TC14AddProduct_Invaliddetails_Errormsg" name="filterProductTest" time="4.541"/>
</testsuite> <!-- com.training.sanity.tests.TC14AddProduct_Invaliddetails_Errormsg -->
