<?xml version="1.0" encoding="UTF-8"?>
<!-- Generated by org.testng.reporters.JUnitReportReporter -->
<testsuite hostname="DESKTOP-DPP2BUV" failures="0" tests="1" name="com.training.sanity.tests.ViewCartFunctionality" time="33.727" errors="0" timestamp="30 Jul 2019 06:40:51 GMT" skipped="0">
  <testcase classname="com.training.sanity.tests.ViewCartFunctionality" name="ViewCart" time="33.727"/>
</testsuite> <!-- com.training.sanity.tests.ViewCartFunctionality -->
