<?xml version="1.0" encoding="UTF-8"?>
<!-- Generated by org.testng.reporters.JUnitReportReporter -->
<testsuite hostname="DESKTOP-DPP2BUV" failures="0" tests="6" name="com.training.sanity.tests.TC13AddMultipleProducts_Excel" time="50.161" errors="0" timestamp="02 Sep 2019 11:49:55 GMT" skipped="0">
  <testcase classname="com.training.sanity.tests.TC13AddMultipleProducts_Excel" name="validLoginTest" time="24.615"/>
  <testcase classname="com.training.sanity.tests.TC13AddMultipleProducts_Excel" name="addProductTest" time="4.668"/>
  <testcase classname="com.training.sanity.tests.TC13AddMultipleProducts_Excel" name="addProductTest" time="6.135"/>
  <testcase classname="com.training.sanity.tests.TC13AddMultipleProducts_Excel" name="addProductTest" time="5.360"/>
  <testcase classname="com.training.sanity.tests.TC13AddMultipleProducts_Excel" name="addProductTest" time="4.700"/>
  <testcase classname="com.training.sanity.tests.TC13AddMultipleProducts_Excel" name="addProductTest" time="4.683"/>
</testsuite> <!-- com.training.sanity.tests.TC13AddMultipleProducts_Excel -->
