<?xml version="1.0" encoding="UTF-8"?>
<!-- Generated by org.testng.reporters.JUnitReportReporter -->
<testsuite hostname="DESKTOP-DPP2BUV" failures="0" tests="2" name="com.training.sanity.tests.TC13AddProduct" time="7.622" errors="0" timestamp="28 Aug 2019 05:57:36 GMT" skipped="0">
  <testcase classname="com.training.sanity.tests.TC13AddProduct" name="validLoginTest" time="2.604"/>
  <testcase classname="com.training.sanity.tests.TC13AddProduct" name="filterProductTest" time="5.018"/>
</testsuite> <!-- com.training.sanity.tests.TC13AddProduct -->
