<?xml version="1.0" encoding="UTF-8"?>
<!-- Generated by org.testng.reporters.JUnitReportReporter -->
<testsuite hostname="DESKTOP-DPP2BUV" failures="0" tests="2" name="com.training.sanity.tests.TC09EditCategory_MetaTag" time="36.871" errors="0" timestamp="26 Aug 2019 11:51:13 GMT" skipped="0">
  <testcase classname="com.training.sanity.tests.TC09EditCategory_MetaTag" name="validLoginTest" time="2.390"/>
  <testcase classname="com.training.sanity.tests.TC09EditCategory_MetaTag" name="addCategoriesTest" time="34.481"/>
</testsuite> <!-- com.training.sanity.tests.TC09EditCategory_MetaTag -->
