<?xml version="1.0" encoding="UTF-8"?>
<!-- Generated by org.testng.reporters.JUnitReportReporter -->
<testsuite hostname="DESKTOP-DPP2BUV" failures="0" tests="1" name="com.training.sanity.tests.ChangePasswordTest" time="16.852" errors="0" timestamp="09 Aug 2019 16:41:59 GMT" skipped="0">
  <testcase classname="com.training.sanity.tests.ChangePasswordTest" name="ChangePwdTest" time="16.852"/>
</testsuite> <!-- com.training.sanity.tests.ChangePasswordTest -->
