<?xml version="1.0" encoding="UTF-8"?>
<!-- Generated by org.testng.reporters.JUnitReportReporter -->
<testsuite hostname="DESKTOP-DPP2BUV" failures="0" tests="2" name="com.training.sanity.tests.TC08AddCategories2usingEXT" time="57.766" errors="0" timestamp="26 Aug 2019 09:31:00 GMT" skipped="0">
  <testcase classname="com.training.sanity.tests.TC08AddCategories2usingEXT" name="validLoginTest" time="8.324"/>
  <testcase classname="com.training.sanity.tests.TC08AddCategories2usingEXT" name="addCategoriesTest" time="49.442"/>
</testsuite> <!-- com.training.sanity.tests.TC08AddCategories2usingEXT -->
