<?xml version="1.0" encoding="UTF-8"?>
<!-- Generated by org.testng.reporters.JUnitReportReporter -->
<testsuite hostname="DESKTOP-DPP2BUV" failures="0" tests="1" name="com.training.sanity.tests.ChangePasswordTest" time="17.071" errors="0" timestamp="29 Jul 2019 13:53:09 GMT" skipped="0">
  <testcase classname="com.training.sanity.tests.ChangePasswordTest" name="ChangePwdTest" time="17.071"/>
</testsuite> <!-- com.training.sanity.tests.ChangePasswordTest -->
