<?xml version="1.0" encoding="UTF-8"?>
<!-- Generated by org.testng.reporters.JUnitReportReporter -->
<testsuite hostname="DESKTOP-DPP2BUV" failures="0" tests="1" name="com.training.sanity.tests.AdminLoginTests" time="2.918" errors="0" timestamp="09 Aug 2019 15:54:51 GMT" skipped="0">
  <testcase classname="com.training.sanity.tests.AdminLoginTests" name="validLoginTest" time="2.918"/>
</testsuite> <!-- com.training.sanity.tests.AdminLoginTests -->
