<?xml version="1.0" encoding="UTF-8"?>
<!-- Generated by org.testng.reporters.JUnitReportReporter -->
<testsuite hostname="DESKTOP-DPP2BUV" failures="0" tests="1" name="com.training.sanity.tests.LoginTests" time="24.103" errors="0" timestamp="30 Jul 2019 07:30:45 GMT" skipped="0">
  <testcase classname="com.training.sanity.tests.LoginTests" name="validLoginTest" time="24.103"/>
</testsuite> <!-- com.training.sanity.tests.LoginTests -->
