<?xml version="1.0" encoding="UTF-8"?>
<!-- Generated by org.testng.reporters.JUnitReportReporter -->
<testsuite hostname="DESKTOP-DPP2BUV" failures="0" tests="1" name="com.training.sanity.tests.NormalUserLogin" time="13.158" errors="0" timestamp="09 Aug 2019 15:52:42 GMT" skipped="0">
  <testcase classname="com.training.sanity.tests.NormalUserLogin" name="NormalUserLoginTest" time="13.158"/>
</testsuite> <!-- com.training.sanity.tests.NormalUserLogin -->
