<?xml version="1.0" encoding="UTF-8"?>
<!-- Generated by org.testng.reporters.JUnitReportReporter -->
<testsuite hostname="DESKTOP-DPP2BUV" failures="0" tests="1" name="com.training.sanity.tests.TC05AdminLoginTests" time="2.711" errors="0" timestamp="21 Aug 2019 05:19:21 GMT" skipped="0">
  <testcase classname="com.training.sanity.tests.TC05AdminLoginTests" name="validLoginTest" time="2.711"/>
</testsuite> <!-- com.training.sanity.tests.TC05AdminLoginTests -->
