<?xml version="1.0" encoding="UTF-8"?>
<!-- Generated by org.testng.reporters.JUnitReportReporter -->
<testsuite hostname="DESKTOP-DPP2BUV" failures="0" tests="1" name="com.training.regression.tests.LoginDBTest" time="14.580" errors="0" timestamp="02 Sep 2019 14:41:02 GMT" skipped="0">
  <testcase classname="com.training.regression.tests.LoginDBTest" name="loginDBTest" time="14.580"/>
</testsuite> <!-- com.training.regression.tests.LoginDBTest -->
