<?xml version="1.0" encoding="UTF-8"?>
<!-- Generated by org.testng.reporters.JUnitReportReporter -->
<testsuite hostname="DESKTOP-DPP2BUV" failures="0" tests="2" name="com.training.sanity.tests.TC09EditMetaTag" time="39.111" errors="0" timestamp="26 Aug 2019 08:55:17 GMT" skipped="0">
  <testcase classname="com.training.sanity.tests.TC09EditMetaTag" name="validLoginTest" time="3.116"/>
  <testcase classname="com.training.sanity.tests.TC09EditMetaTag" name="addCategoriesTest" time="35.995"/>
</testsuite> <!-- com.training.sanity.tests.TC09EditMetaTag -->
