<?xml version="1.0" encoding="UTF-8"?>
<!-- Generated by org.testng.reporters.JUnitReportReporter -->
<testsuite hostname="DESKTOP-DPP2BUV" failures="0" tests="2" name="com.training.regression.tests.LoginExcelTest" time="18.557" errors="0" timestamp="02 Sep 2019 10:31:29 GMT" skipped="0">
  <testcase classname="com.training.regression.tests.LoginExcelTest" name="loginDBTest" time="9.504"/>
  <testcase classname="com.training.regression.tests.LoginExcelTest" name="loginDBTest" time="9.053"/>
</testsuite> <!-- com.training.regression.tests.LoginExcelTest -->
