<?xml version="1.0" encoding="UTF-8"?>
<!-- Generated by org.testng.reporters.JUnitReportReporter -->
<testsuite hostname="DESKTOP-DPP2BUV" failures="0" tests="2" name="com.training.sanity.tests.OrderReturn" time="8.253" errors="0" timestamp="09 Aug 2019 16:42:36 GMT" skipped="0">
  <testcase classname="com.training.sanity.tests.OrderReturn" name="GotoOrderHistoryTest1" time="3.052"/>
  <testcase classname="com.training.sanity.tests.OrderReturn" name="GotoOrderHistoryTest2" time="5.201"/>
</testsuite> <!-- com.training.sanity.tests.OrderReturn -->
