<?xml version="1.0" encoding="UTF-8"?>
<!-- Generated by org.testng.reporters.JUnitReportReporter -->
<testsuite hostname="DESKTOP-DPP2BUV" failures="0" tests="2" name="com.training.sanity.tests.TC12FilterProduct" time="12.228" errors="0" timestamp="26 Aug 2019 16:29:01 GMT" skipped="0">
  <testcase classname="com.training.sanity.tests.TC12FilterProduct" name="validLoginTest" time="7.620"/>
  <testcase classname="com.training.sanity.tests.TC12FilterProduct" name="filterProductTest" time="4.608"/>
</testsuite> <!-- com.training.sanity.tests.TC12FilterProduct -->
