<?xml version="1.0" encoding="UTF-8"?>
<!-- Generated by org.testng.reporters.JUnitReportReporter -->
<testsuite hostname="DESKTOP-DPP2BUV" failures="0" tests="1" name="com.training.sanity.tests.TC05AdminLoginTests" time="6.576" errors="0" timestamp="02 Sep 2019 09:33:40 GMT" skipped="0">
  <testcase classname="com.training.sanity.tests.TC05AdminLoginTests" name="validLoginTest" time="6.576"/>
</testsuite> <!-- com.training.sanity.tests.TC05AdminLoginTests -->
