<?xml version="1.0" encoding="UTF-8"?>
<!-- Generated by org.testng.reporters.JUnitReportReporter -->
<testsuite hostname="DESKTOP-DPP2BUV" failures="0" tests="1" name="com.training.sanity.tests.InvalidChangePasswordTest" time="16.649" errors="0" timestamp="30 Jul 2019 04:38:38 GMT" skipped="0">
  <testcase classname="com.training.sanity.tests.InvalidChangePasswordTest" name="ChangePwdTest" time="16.649"/>
</testsuite> <!-- com.training.sanity.tests.InvalidChangePasswordTest -->
