<?xml version="1.0" encoding="UTF-8"?>
<!-- Generated by org.testng.reporters.JUnitReportReporter -->
<testsuite hostname="DESKTOP-DPP2BUV" failures="0" tests="1" name="com.training.sanity.tests.LoginTests" time="12.868" errors="0" timestamp="06 Aug 2019 06:12:15 GMT" skipped="0">
  <testcase classname="com.training.sanity.tests.LoginTests" name="validLoginTest" time="12.868"/>
</testsuite> <!-- com.training.sanity.tests.LoginTests -->
