<?xml version="1.0" encoding="UTF-8"?>
<!-- Generated by org.testng.reporters.JUnitReportReporter -->
<testsuite hostname="DESKTOP-DPP2BUV" failures="0" tests="1" name="com.training.sanity.tests.RemoveCartFunctionality" time="39.813" errors="0" timestamp="30 Jul 2019 07:25:45 GMT" skipped="0">
  <testcase classname="com.training.sanity.tests.RemoveCartFunctionality" name="ViewCart" time="39.813"/>
</testsuite> <!-- com.training.sanity.tests.RemoveCartFunctionality -->
