<?xml version="1.0" encoding="UTF-8"?>
<!-- Generated by org.testng.reporters.JUnitReportReporter -->
<testsuite hostname="DESKTOP-DPP2BUV" failures="0" tests="2" name="com.training.sanity.tests.TC11AddCategoriesandDBtest" time="85.640" errors="0" timestamp="02 Sep 2019 16:56:26 GMT" skipped="0">
  <testcase classname="com.training.sanity.tests.TC11AddCategoriesandDBtest" name="validLoginTest" time="80.861"/>
  <testcase classname="com.training.sanity.tests.TC11AddCategoriesandDBtest" name="addCategoriesDBTest" time="4.779"/>
</testsuite> <!-- com.training.sanity.tests.TC11AddCategoriesandDBtest -->
