<?xml version="1.0" encoding="UTF-8"?>
<!-- Generated by org.testng.reporters.JUnitReportReporter -->
<testsuite hostname="DESKTOP-DPP2BUV" failures="0" tests="2" name="com.training.sanity.tests.AddCategories2usingEXT" time="37.550" errors="0" timestamp="09 Aug 2019 16:34:56 GMT" skipped="0">
  <testcase classname="com.training.sanity.tests.AddCategories2usingEXT" name="validLoginTest" time="2.369"/>
  <testcase classname="com.training.sanity.tests.AddCategories2usingEXT" name="addCategoriesTest" time="35.181"/>
</testsuite> <!-- com.training.sanity.tests.AddCategories2usingEXT -->
